<?xml version="1.0" encoding="UTF-8"?>
<!-- Generated by org.testng.reporters.JUnitReportReporter -->
<testsuite skipped="0" hostname="PURVI" name="SampleTest.SampleClass" tests="1" failures="0" timestamp="29 Mar 2018 00:55:26 GMT" time="0.036" errors="0">
  <testcase name="Sample" time="0.036" classname="SampleTest.SampleClass"/>
</testsuite> <!-- SampleTest.SampleClass -->
